[0.640s] Invoking command in '/home/doraemon/mobot_navi/src/training': PYTHONPATH=/home/doraemon/mobot_navi/build/training/prefix_override:/home/doraemon/mobot_navi/install/training/lib/python3.10/site-packages:${PYTHONPATH} /usr/bin/python3 -W ignore:setup.py install is deprecated setup.py egg_info --egg-base ../../build/training build --build-base /home/doraemon/mobot_navi/build/training/build install --record /home/doraemon/mobot_navi/build/training/install.log --single-version-externally-managed install_data
[0.830s] running egg_info
[0.830s] creating ../../build/training/training.egg-info
[0.830s] writing ../../build/training/training.egg-info/PKG-INFO
[0.830s] writing dependency_links to ../../build/training/training.egg-info/dependency_links.txt
[0.830s] writing entry points to ../../build/training/training.egg-info/entry_points.txt
[0.830s] writing requirements to ../../build/training/training.egg-info/requires.txt
[0.831s] writing top-level names to ../../build/training/training.egg-info/top_level.txt
[0.844s] writing manifest file '../../build/training/training.egg-info/SOURCES.txt'
[0.845s] reading manifest file '../../build/training/training.egg-info/SOURCES.txt'
[0.845s] writing manifest file '../../build/training/training.egg-info/SOURCES.txt'
[0.845s] running build
[0.845s] running build_py
[0.845s] creating /home/doraemon/mobot_navi/build/training/build
[0.845s] creating /home/doraemon/mobot_navi/build/training/build/lib
[0.846s] creating /home/doraemon/mobot_navi/build/training/build/lib/training
[0.846s] copying training/__init__.py -> /home/doraemon/mobot_navi/build/training/build/lib/training
[0.846s] running install
[0.846s] running install_lib
[0.846s] creating /home/doraemon/mobot_navi/install/training/lib/python3.10/site-packages/training
[0.846s] copying /home/doraemon/mobot_navi/build/training/build/lib/training/__init__.py -> /home/doraemon/mobot_navi/install/training/lib/python3.10/site-packages/training
[0.846s] byte-compiling /home/doraemon/mobot_navi/install/training/lib/python3.10/site-packages/training/__init__.py to __init__.cpython-310.pyc
[0.846s] running install_data
[0.846s] creating /home/doraemon/mobot_navi/install/training/share/ament_index
[0.847s] creating /home/doraemon/mobot_navi/install/training/share/ament_index/resource_index
[0.847s] creating /home/doraemon/mobot_navi/install/training/share/ament_index/resource_index/packages
[0.847s] copying resource/training -> /home/doraemon/mobot_navi/install/training/share/ament_index/resource_index/packages
[0.847s] copying package.xml -> /home/doraemon/mobot_navi/install/training/share/training
[0.847s] running install_egg_info
[0.848s] Copying ../../build/training/training.egg-info to /home/doraemon/mobot_navi/install/training/lib/python3.10/site-packages/training-0.0.0-py3.10.egg-info
[0.848s] running install_scripts
[0.860s] writing list of installed files to '/home/doraemon/mobot_navi/build/training/install.log'
[0.873s] Invoked command in '/home/doraemon/mobot_navi/src/training' returned '0': PYTHONPATH=/home/doraemon/mobot_navi/build/training/prefix_override:/home/doraemon/mobot_navi/install/training/lib/python3.10/site-packages:${PYTHONPATH} /usr/bin/python3 -W ignore:setup.py install is deprecated setup.py egg_info --egg-base ../../build/training build --build-base /home/doraemon/mobot_navi/build/training/build install --record /home/doraemon/mobot_navi/build/training/install.log --single-version-externally-managed install_data
